<?xml version="1.0" encoding="UTF-8"?>
<!-- Generated by org.testng.reporters.JUnitReportReporter -->
<testsuite skipped="0" hostname="DESKTOP-818SLKN" name="TestPackage.day4" tests="3" failures="0" timestamp="07 Apr 2019 14:54:16 GMT" time="0.007" errors="0">
  <testcase name="APIcarloan" time="0.002" classname="TestPackage.day4"/>
  <testcase name="Mobilecarloan" time="0.003" classname="TestPackage.day4"/>
  <testcase name="webviewcarloan" time="0.002" classname="TestPackage.day4"/>
</testsuite> <!-- TestPackage.day4 -->
