<?xml version="1.0" encoding="UTF-8"?>
<!-- Generated by org.testng.reporters.JUnitReportReporter -->
<testsuite skipped="0" hostname="DESKTOP-818SLKN" name="TestPackage.day2" tests="1" failures="0" timestamp="12 Apr 2019 12:32:26 GMT" time="0.017" errors="0">
  <testcase name="demo2" time="0.017" classname="TestPackage.day2"/>
</testsuite> <!-- TestPackage.day2 -->
