<?xml version="1.0" encoding="UTF-8"?>
<!-- Generated by org.testng.reporters.JUnitReportReporter -->
<testsuite skipped="0" hostname="DESKTOP-818SLKN" name="TestPackage.day1" tests="8" failures="0" timestamp="14 Apr 2019 08:05:13 GMT" time="0.048" errors="0">
  <testcase name="Demo" time="0.017" classname="TestPackage.day1"/>
  <testcase name="Demo" time="0.002" classname="TestPackage.day1"/>
  <testcase name="Demo" time="0.000" classname="TestPackage.day1"/>
  <testcase name="Demo" time="0.014" classname="TestPackage.day1"/>
  <testcase name="Method2" time="0.006" classname="TestPackage.day1"/>
  <testcase name="Demo" time="0.000" classname="TestPackage.day1"/>
  <testcase name="Demo" time="0.001" classname="TestPackage.day1"/>
  <testcase name="Demo" time="0.008" classname="TestPackage.day1"/>
</testsuite> <!-- TestPackage.day1 -->
