<?xml version="1.0" encoding="UTF-8"?>
<!-- Generated by org.testng.reporters.JUnitReportReporter -->
<testsuite skipped="0" hostname="DESKTOP-818SLKN" name="TestPackage.day3" tests="1" failures="0" timestamp="12 Apr 2019 11:10:25 GMT" time="0.013" errors="0">
  <testcase name="MobileHomeloan" time="0.013" classname="TestPackage.day3"/>
</testsuite> <!-- TestPackage.day3 -->
